<?xml version="1.0" encoding="UTF-8"?>
<testng-results ignored="0" total="5" passed="5" failed="0" skipped="0">
  <reporter-output>
  </reporter-output>
  <suite started-at="2022-12-26T13:38:43 WIB" name="Default suite" finished-at="2022-12-26T13:39:15 WIB" duration-ms="31497">
    <groups>
      <group name="cucumber">
        <method signature="AbstractTestNGCucumberTests.runScenario(io.cucumber.testng.PickleWrapper,io.cucumber.testng.FeatureWrapper)[pri:0, instance:com.juaracoding.ta.ProjectSiloam.step_definitions.RunnerTest@35aea049]" name="runScenario" class="io.cucumber.testng.AbstractTestNGCucumberTests"/>
      </group> <!-- cucumber -->
    </groups>
    <test started-at="2022-12-26T13:38:43 WIB" name="Default test" finished-at="2022-12-26T13:39:15 WIB" duration-ms="31497">
      <class name="com.juaracoding.ta.ProjectSiloam.step_definitions.RunnerTest">
        <test-method is-config="true" signature="setUpClass(org.testng.ITestContext)[pri:0, instance:com.juaracoding.ta.ProjectSiloam.step_definitions.RunnerTest@35aea049]" started-at="2022-12-26T13:38:43 WIB" name="setUpClass" finished-at="2022-12-26T13:38:46 WIB" duration-ms="2124" status="PASS">
          <params>
            <param index="0">
              <value>
                <![CDATA[org.testng.TestRunner@221a2068]]>
              </value>
            </param>
          </params>
          <reporter-output>
          </reporter-output>
        </test-method> <!-- setUpClass -->
        <test-method signature="runScenario(io.cucumber.testng.PickleWrapper,io.cucumber.testng.FeatureWrapper)[pri:0, instance:com.juaracoding.ta.ProjectSiloam.step_definitions.RunnerTest@35aea049]" started-at="2022-12-26T13:38:46 WIB" name="runScenario" description="Runs Cucumber Scenarios" data-provider="scenarios" finished-at="2022-12-26T13:39:06 WIB" duration-ms="20767" status="PASS">
          <params>
            <param index="0">
              <value>
                <![CDATA["Field Username dan Password Benar pada Admin"]]>
              </value>
            </param>
            <param index="1">
              <value>
                <![CDATA["User Login Admin"]]>
              </value>
            </param>
          </params>
          <reporter-output>
          </reporter-output>
        </test-method> <!-- runScenario -->
        <test-method signature="runScenario(io.cucumber.testng.PickleWrapper,io.cucumber.testng.FeatureWrapper)[pri:0, instance:com.juaracoding.ta.ProjectSiloam.step_definitions.RunnerTest@35aea049]" started-at="2022-12-26T13:39:06 WIB" name="runScenario" description="Runs Cucumber Scenarios" data-provider="scenarios" finished-at="2022-12-26T13:39:08 WIB" duration-ms="1709" status="PASS">
          <params>
            <param index="0">
              <value>
                <![CDATA["Memasuki Halaman Input"]]>
              </value>
            </param>
            <param index="1">
              <value>
                <![CDATA["User Input Data"]]>
              </value>
            </param>
          </params>
          <reporter-output>
          </reporter-output>
        </test-method> <!-- runScenario -->
        <test-method signature="runScenario(io.cucumber.testng.PickleWrapper,io.cucumber.testng.FeatureWrapper)[pri:0, instance:com.juaracoding.ta.ProjectSiloam.step_definitions.RunnerTest@35aea049]" started-at="2022-12-26T13:39:08 WIB" name="runScenario" description="Runs Cucumber Scenarios" data-provider="scenarios" finished-at="2022-12-26T13:39:08 WIB" duration-ms="411" status="PASS">
          <params>
            <param index="0">
              <value>
                <![CDATA["Memasuki Halaman Upload"]]>
              </value>
            </param>
            <param index="1">
              <value>
                <![CDATA["User Input Data"]]>
              </value>
            </param>
          </params>
          <reporter-output>
          </reporter-output>
        </test-method> <!-- runScenario -->
        <test-method signature="runScenario(io.cucumber.testng.PickleWrapper,io.cucumber.testng.FeatureWrapper)[pri:0, instance:com.juaracoding.ta.ProjectSiloam.step_definitions.RunnerTest@35aea049]" started-at="2022-12-26T13:39:09 WIB" name="runScenario" description="Runs Cucumber Scenarios" data-provider="scenarios" finished-at="2022-12-26T13:39:09 WIB" duration-ms="308" status="PASS">
          <params>
            <param index="0">
              <value>
                <![CDATA["Memasuki Halaman TTD Digital"]]>
              </value>
            </param>
            <param index="1">
              <value>
                <![CDATA["User Input Data"]]>
              </value>
            </param>
          </params>
          <reporter-output>
          </reporter-output>
        </test-method> <!-- runScenario -->
        <test-method signature="runScenario(io.cucumber.testng.PickleWrapper,io.cucumber.testng.FeatureWrapper)[pri:0, instance:com.juaracoding.ta.ProjectSiloam.step_definitions.RunnerTest@35aea049]" started-at="2022-12-26T13:39:09 WIB" name="runScenario" description="Runs Cucumber Scenarios" data-provider="scenarios" finished-at="2022-12-26T13:39:12 WIB" duration-ms="2701" status="PASS">
          <params>
            <param index="0">
              <value>
                <![CDATA["Tidak Mengisi Apapun"]]>
              </value>
            </param>
            <param index="1">
              <value>
                <![CDATA["User Input Data"]]>
              </value>
            </param>
          </params>
          <reporter-output>
          </reporter-output>
        </test-method> <!-- runScenario -->
        <test-method is-config="true" signature="tearDownClass()[pri:0, instance:com.juaracoding.ta.ProjectSiloam.step_definitions.RunnerTest@35aea049]" started-at="2022-12-26T13:39:12 WIB" name="tearDownClass" finished-at="2022-12-26T13:39:15 WIB" duration-ms="3299" status="PASS">
          <reporter-output>
          </reporter-output>
        </test-method> <!-- tearDownClass -->
      </class> <!-- com.juaracoding.ta.ProjectSiloam.step_definitions.RunnerTest -->
    </test> <!-- Default test -->
  </suite> <!-- Default suite -->
</testng-results>
