<?xml version="1.0" encoding="UTF-8"?>
<testng-results ignored="0" total="1" passed="1" failed="0" skipped="0">
  <reporter-output>
  </reporter-output>
  <suite started-at="2022-12-23T10:14:55 WIB" name="Default suite" finished-at="2022-12-23T10:15:05 WIB" duration-ms="9650">
    <groups>
      <group name="cucumber">
        <method signature="AbstractTestNGCucumberTests.runScenario(io.cucumber.testng.PickleWrapper,io.cucumber.testng.FeatureWrapper)[pri:0, instance:com.juaracoding.ta.ProjectSiloam.step_definitions.RunnerTest@35aea049]" name="runScenario" class="io.cucumber.testng.AbstractTestNGCucumberTests"/>
      </group> <!-- cucumber -->
    </groups>
    <test started-at="2022-12-23T10:14:55 WIB" name="Default test" finished-at="2022-12-23T10:15:05 WIB" duration-ms="9650">
      <class name="com.juaracoding.ta.ProjectSiloam.step_definitions.RunnerTest">
        <test-method is-config="true" signature="setUpClass(org.testng.ITestContext)[pri:0, instance:com.juaracoding.ta.ProjectSiloam.step_definitions.RunnerTest@35aea049]" started-at="2022-12-23T10:14:55 WIB" name="setUpClass" finished-at="2022-12-23T10:14:56 WIB" duration-ms="507" status="PASS">
          <params>
            <param index="0">
              <value>
                <![CDATA[org.testng.TestRunner@24386839]]>
              </value>
            </param>
          </params>
          <reporter-output>
          </reporter-output>
        </test-method> <!-- setUpClass -->
        <test-method signature="runScenario(io.cucumber.testng.PickleWrapper,io.cucumber.testng.FeatureWrapper)[pri:0, instance:com.juaracoding.ta.ProjectSiloam.step_definitions.RunnerTest@35aea049]" started-at="2022-12-23T10:14:56 WIB" name="runScenario" description="Runs Cucumber Scenarios" data-provider="scenarios" finished-at="2022-12-23T10:15:02 WIB" duration-ms="5930" status="PASS">
          <params>
            <param index="0">
              <value>
                <![CDATA["Field Username dan Password Benar pada Admin"]]>
              </value>
            </param>
            <param index="1">
              <value>
                <![CDATA["User Login Admin"]]>
              </value>
            </param>
          </params>
          <reporter-output>
          </reporter-output>
        </test-method> <!-- runScenario -->
        <test-method is-config="true" signature="tearDownClass()[pri:0, instance:com.juaracoding.ta.ProjectSiloam.step_definitions.RunnerTest@35aea049]" started-at="2022-12-23T10:15:02 WIB" name="tearDownClass" finished-at="2022-12-23T10:15:05 WIB" duration-ms="3176" status="PASS">
          <reporter-output>
          </reporter-output>
        </test-method> <!-- tearDownClass -->
      </class> <!-- com.juaracoding.ta.ProjectSiloam.step_definitions.RunnerTest -->
    </test> <!-- Default test -->
  </suite> <!-- Default suite -->
</testng-results>
